<?xml version="1.0" encoding="UTF-8"?>
<!-- Generated by org.testng.reporters.JUnitReportReporter -->
<testsuite hostname="DESKTOP-JC5M1H8" failures="0" tests="2" name="Academy.HomePage" time="29.792" errors="0" timestamp="2021-09-12T10:08:37 IST" skipped="0">
  <testcase classname="Academy.HomePage" name="basePageNavigation" time="7.416"/>
  <system-out/>
  <testcase classname="Academy.HomePage" name="basePageNavigation" time="22.376"/>
  <system-out/>
</testsuite> <!-- Academy.HomePage -->
