<?xml version="1.0" encoding="UTF-8"?>
<!-- Generated by org.testng.reporters.JUnitReportReporter -->
<testsuite hostname="DESKTOP-JC5M1H8" failures="0" tests="1" name="Academy.validateNavigationBar" time="0.164" errors="0" timestamp="2021-09-15T18:29:05 IST" skipped="0">
  <testcase classname="Academy.validateNavigationBar" name="basePageNavigation" time="0.164"/>
  <system-out/>
</testsuite> <!-- Academy.validateNavigationBar -->
